<?xml version="1.0" encoding="UTF-8"?>
<!-- Generated by org.testng.reporters.JUnitXMLReporter -->
<testsuite ignored="0" hostname="sweetu" failures="0" tests="3" name="Test" time="43.127" errors="0" timestamp="2025-02-10T22:19:45 IST">
  <testcase classname="Selenium.Tests.StandAloneTest" name="submitOrder" time="14.693"/>
  <testcase classname="Selenium.Tests.ErrorValidationTest" name="submitOrder" time="0.585"/>
  <testcase classname="Selenium.Tests.SubmitOrderTest" name="submitOrder" time="14.684"/>
</testsuite> <!-- Test -->
