<?xml version="1.0" encoding="UTF-8"?>
<testng-results ignored="0" total="2" passed="2" failed="0" skipped="0">
  <reporter-output>
  </reporter-output>
  <suite started-at="2025-02-11T09:01:34 IST" name="Default suite" finished-at="2025-02-11T09:01:56 IST" duration-ms="22876">
    <groups>
    </groups>
    <test started-at="2025-02-11T09:01:34 IST" name="Default test" finished-at="2025-02-11T09:01:56 IST" duration-ms="22876">
      <class name="Selenium.Tests.SubmitOrderTest">
        <test-method is-config="true" signature="launchApplication()[pri:0, instance:Selenium.Tests.SubmitOrderTest@7fd50002]" started-at="2025-02-11T09:01:34 IST" name="launchApplication" finished-at="2025-02-11T09:01:39 IST" duration-ms="5238" status="PASS">
          <reporter-output>
          </reporter-output>
        </test-method> <!-- launchApplication -->
        <test-method signature="submitOrder()[pri:0, instance:Selenium.Tests.SubmitOrderTest@7fd50002]" started-at="2025-02-11T09:01:39 IST" name="submitOrder" finished-at="2025-02-11T09:01:54 IST" duration-ms="14958" status="PASS">
          <reporter-output>
          </reporter-output>
        </test-method> <!-- submitOrder -->
        <test-method is-config="true" signature="teardown()[pri:0, instance:Selenium.Tests.SubmitOrderTest@7fd50002]" started-at="2025-02-11T09:01:54 IST" name="teardown" finished-at="2025-02-11T09:01:54 IST" duration-ms="144" status="PASS">
          <reporter-output>
          </reporter-output>
        </test-method> <!-- teardown -->
        <test-method is-config="true" signature="launchApplication()[pri:0, instance:Selenium.Tests.SubmitOrderTest@7fd50002]" started-at="2025-02-11T09:01:54 IST" name="launchApplication" finished-at="2025-02-11T09:01:55 IST" duration-ms="1430" status="PASS">
          <reporter-output>
          </reporter-output>
        </test-method> <!-- launchApplication -->
        <test-method signature="orderHistoryTest()[pri:0, instance:Selenium.Tests.SubmitOrderTest@7fd50002]" started-at="2025-02-11T09:01:55 IST" name="orderHistoryTest" finished-at="2025-02-11T09:01:56 IST" depends-on-methods="Selenium.Tests.SubmitOrderTest.submitOrder" duration-ms="939" status="PASS">
          <reporter-output>
          </reporter-output>
        </test-method> <!-- orderHistoryTest -->
        <test-method is-config="true" signature="teardown()[pri:0, instance:Selenium.Tests.SubmitOrderTest@7fd50002]" started-at="2025-02-11T09:01:56 IST" name="teardown" finished-at="2025-02-11T09:01:56 IST" duration-ms="108" status="PASS">
          <reporter-output>
          </reporter-output>
        </test-method> <!-- teardown -->
      </class> <!-- Selenium.Tests.SubmitOrderTest -->
    </test> <!-- Default test -->
  </suite> <!-- Default suite -->
</testng-results>
